<?xml version="1.0" encoding="UTF-8"?>
<testsuite xmlns:xsi="http://www.w3.org/2001/XMLSchema-instance" xsi:noNamespaceSchemaLocation="https://maven.apache.org/surefire/maven-surefire-plugin/xsd/surefire-test-report.xsd" name="com.example.web_scraper.WebScraperApplicationTests" time="1.85" tests="1" errors="0" skipped="0" failures="0">
  <properties>
    <property name="sun.desktop" value="gnome"/>
    <property name="awt.toolkit" value="sun.awt.X11.XToolkit"/>
    <property name="java.specification.version" value="11"/>
    <property name="sun.cpu.isalist" value=""/>
    <property name="sun.jnu.encoding" value="UTF-8"/>
    <property name="java.class.path" value="/home/renan/Desktop/programacao/java/web_scraper/target/test-classes:/home/renan/Desktop/programacao/java/web_scraper/target/classes:/home/renan/.m2/repository/org/springframework/boot/spring-boot-starter-web/2.7.4/spring-boot-starter-web-2.7.4.jar:/home/renan/.m2/repository/org/springframework/boot/spring-boot-starter/2.7.4/spring-boot-starter-2.7.4.jar:/home/renan/.m2/repository/org/springframework/boot/spring-boot/2.7.4/spring-boot-2.7.4.jar:/home/renan/.m2/repository/org/springframework/boot/spring-boot-autoconfigure/2.7.4/spring-boot-autoconfigure-2.7.4.jar:/home/renan/.m2/repository/org/springframework/boot/spring-boot-starter-logging/2.7.4/spring-boot-starter-logging-2.7.4.jar:/home/renan/.m2/repository/ch/qos/logback/logback-classic/1.2.11/logback-classic-1.2.11.jar:/home/renan/.m2/repository/ch/qos/logback/logback-core/1.2.11/logback-core-1.2.11.jar:/home/renan/.m2/repository/org/apache/logging/log4j/log4j-to-slf4j/2.17.2/log4j-to-slf4j-2.17.2.jar:/home/renan/.m2/repository/org/apache/logging/log4j/log4j-api/2.17.2/log4j-api-2.17.2.jar:/home/renan/.m2/repository/org/slf4j/jul-to-slf4j/1.7.36/jul-to-slf4j-1.7.36.jar:/home/renan/.m2/repository/jakarta/annotation/jakarta.annotation-api/1.3.5/jakarta.annotation-api-1.3.5.jar:/home/renan/.m2/repository/org/yaml/snakeyaml/1.30/snakeyaml-1.30.jar:/home/renan/.m2/repository/org/springframework/boot/spring-boot-starter-json/2.7.4/spring-boot-starter-json-2.7.4.jar:/home/renan/.m2/repository/com/fasterxml/jackson/core/jackson-databind/2.13.4/jackson-databind-2.13.4.jar:/home/renan/.m2/repository/com/fasterxml/jackson/core/jackson-annotations/2.13.4/jackson-annotations-2.13.4.jar:/home/renan/.m2/repository/com/fasterxml/jackson/core/jackson-core/2.13.4/jackson-core-2.13.4.jar:/home/renan/.m2/repository/com/fasterxml/jackson/datatype/jackson-datatype-jdk8/2.13.4/jackson-datatype-jdk8-2.13.4.jar:/home/renan/.m2/repository/com/fasterxml/jackson/datatype/jackson-datatype-jsr310/2.13.4/jackson-datatype-jsr310-2.13.4.jar:/home/renan/.m2/repository/com/fasterxml/jackson/module/jackson-module-parameter-names/2.13.4/jackson-module-parameter-names-2.13.4.jar:/home/renan/.m2/repository/org/springframework/boot/spring-boot-starter-tomcat/2.7.4/spring-boot-starter-tomcat-2.7.4.jar:/home/renan/.m2/repository/org/apache/tomcat/embed/tomcat-embed-core/9.0.65/tomcat-embed-core-9.0.65.jar:/home/renan/.m2/repository/org/apache/tomcat/embed/tomcat-embed-el/9.0.65/tomcat-embed-el-9.0.65.jar:/home/renan/.m2/repository/org/apache/tomcat/embed/tomcat-embed-websocket/9.0.65/tomcat-embed-websocket-9.0.65.jar:/home/renan/.m2/repository/org/springframework/spring-web/5.3.23/spring-web-5.3.23.jar:/home/renan/.m2/repository/org/springframework/spring-beans/5.3.23/spring-beans-5.3.23.jar:/home/renan/.m2/repository/org/springframework/spring-webmvc/5.3.23/spring-webmvc-5.3.23.jar:/home/renan/.m2/repository/org/springframework/spring-aop/5.3.23/spring-aop-5.3.23.jar:/home/renan/.m2/repository/org/springframework/spring-context/5.3.23/spring-context-5.3.23.jar:/home/renan/.m2/repository/org/springframework/spring-expression/5.3.23/spring-expression-5.3.23.jar:/home/renan/.m2/repository/org/jsoup/jsoup/1.9.1/jsoup-1.9.1.jar:/home/renan/.m2/repository/org/springframework/boot/spring-boot-starter-test/2.7.4/spring-boot-starter-test-2.7.4.jar:/home/renan/.m2/repository/org/springframework/boot/spring-boot-test/2.7.4/spring-boot-test-2.7.4.jar:/home/renan/.m2/repository/org/springframework/boot/spring-boot-test-autoconfigure/2.7.4/spring-boot-test-autoconfigure-2.7.4.jar:/home/renan/.m2/repository/com/jayway/jsonpath/json-path/2.7.0/json-path-2.7.0.jar:/home/renan/.m2/repository/net/minidev/json-smart/2.4.8/json-smart-2.4.8.jar:/home/renan/.m2/repository/net/minidev/accessors-smart/2.4.8/accessors-smart-2.4.8.jar:/home/renan/.m2/repository/org/ow2/asm/asm/9.1/asm-9.1.jar:/home/renan/.m2/repository/org/slf4j/slf4j-api/1.7.36/slf4j-api-1.7.36.jar:/home/renan/.m2/repository/jakarta/xml/bind/jakarta.xml.bind-api/2.3.3/jakarta.xml.bind-api-2.3.3.jar:/home/renan/.m2/repository/jakarta/activation/jakarta.activation-api/1.2.2/jakarta.activation-api-1.2.2.jar:/home/renan/.m2/repository/org/assertj/assertj-core/3.22.0/assertj-core-3.22.0.jar:/home/renan/.m2/repository/org/hamcrest/hamcrest/2.2/hamcrest-2.2.jar:/home/renan/.m2/repository/org/junit/jupiter/junit-jupiter/5.8.2/junit-jupiter-5.8.2.jar:/home/renan/.m2/repository/org/junit/jupiter/junit-jupiter-api/5.8.2/junit-jupiter-api-5.8.2.jar:/home/renan/.m2/repository/org/opentest4j/opentest4j/1.2.0/opentest4j-1.2.0.jar:/home/renan/.m2/repository/org/junit/platform/junit-platform-commons/1.8.2/junit-platform-commons-1.8.2.jar:/home/renan/.m2/repository/org/apiguardian/apiguardian-api/1.1.2/apiguardian-api-1.1.2.jar:/home/renan/.m2/repository/org/junit/jupiter/junit-jupiter-params/5.8.2/junit-jupiter-params-5.8.2.jar:/home/renan/.m2/repository/org/junit/jupiter/junit-jupiter-engine/5.8.2/junit-jupiter-engine-5.8.2.jar:/home/renan/.m2/repository/org/junit/platform/junit-platform-engine/1.8.2/junit-platform-engine-1.8.2.jar:/home/renan/.m2/repository/org/mockito/mockito-core/4.5.1/mockito-core-4.5.1.jar:/home/renan/.m2/repository/net/bytebuddy/byte-buddy/1.12.17/byte-buddy-1.12.17.jar:/home/renan/.m2/repository/net/bytebuddy/byte-buddy-agent/1.12.17/byte-buddy-agent-1.12.17.jar:/home/renan/.m2/repository/org/objenesis/objenesis/3.2/objenesis-3.2.jar:/home/renan/.m2/repository/org/mockito/mockito-junit-jupiter/4.5.1/mockito-junit-jupiter-4.5.1.jar:/home/renan/.m2/repository/org/skyscreamer/jsonassert/1.5.1/jsonassert-1.5.1.jar:/home/renan/.m2/repository/com/vaadin/external/google/android-json/0.0.20131108.vaadin1/android-json-0.0.20131108.vaadin1.jar:/home/renan/.m2/repository/org/springframework/spring-core/5.3.23/spring-core-5.3.23.jar:/home/renan/.m2/repository/org/springframework/spring-jcl/5.3.23/spring-jcl-5.3.23.jar:/home/renan/.m2/repository/org/springframework/spring-test/5.3.23/spring-test-5.3.23.jar:/home/renan/.m2/repository/org/xmlunit/xmlunit-core/2.9.0/xmlunit-core-2.9.0.jar:"/>
    <property name="java.vm.vendor" value="Azul Systems, Inc."/>
    <property name="sun.arch.data.model" value="32"/>
    <property name="java.vendor.url" value="http://www.azul.com/"/>
    <property name="user.timezone" value=""/>
    <property name="user.country.format" value="BR"/>
    <property name="java.vm.specification.version" value="11"/>
    <property name="os.name" value="Linux"/>
    <property name="sun.java.launcher" value="SUN_STANDARD"/>
    <property name="user.country" value="US"/>
    <property name="sun.boot.library.path" value="/usr/lib/jvm/zulu-11-i386/lib"/>
    <property name="sun.java.command" value="/home/renan/Desktop/programacao/java/web_scraper/target/surefire/surefirebooter15830535804391928402.jar /home/renan/Desktop/programacao/java/web_scraper/target/surefire 2022-10-19T22-29-38_027-jvmRun1 surefire4565449608791628425tmp surefire_08189798119341227357tmp"/>
    <property name="jdk.debug" value="release"/>
    <property name="surefire.test.class.path" value="/home/renan/Desktop/programacao/java/web_scraper/target/test-classes:/home/renan/Desktop/programacao/java/web_scraper/target/classes:/home/renan/.m2/repository/org/springframework/boot/spring-boot-starter-web/2.7.4/spring-boot-starter-web-2.7.4.jar:/home/renan/.m2/repository/org/springframework/boot/spring-boot-starter/2.7.4/spring-boot-starter-2.7.4.jar:/home/renan/.m2/repository/org/springframework/boot/spring-boot/2.7.4/spring-boot-2.7.4.jar:/home/renan/.m2/repository/org/springframework/boot/spring-boot-autoconfigure/2.7.4/spring-boot-autoconfigure-2.7.4.jar:/home/renan/.m2/repository/org/springframework/boot/spring-boot-starter-logging/2.7.4/spring-boot-starter-logging-2.7.4.jar:/home/renan/.m2/repository/ch/qos/logback/logback-classic/1.2.11/logback-classic-1.2.11.jar:/home/renan/.m2/repository/ch/qos/logback/logback-core/1.2.11/logback-core-1.2.11.jar:/home/renan/.m2/repository/org/apache/logging/log4j/log4j-to-slf4j/2.17.2/log4j-to-slf4j-2.17.2.jar:/home/renan/.m2/repository/org/apache/logging/log4j/log4j-api/2.17.2/log4j-api-2.17.2.jar:/home/renan/.m2/repository/org/slf4j/jul-to-slf4j/1.7.36/jul-to-slf4j-1.7.36.jar:/home/renan/.m2/repository/jakarta/annotation/jakarta.annotation-api/1.3.5/jakarta.annotation-api-1.3.5.jar:/home/renan/.m2/repository/org/yaml/snakeyaml/1.30/snakeyaml-1.30.jar:/home/renan/.m2/repository/org/springframework/boot/spring-boot-starter-json/2.7.4/spring-boot-starter-json-2.7.4.jar:/home/renan/.m2/repository/com/fasterxml/jackson/core/jackson-databind/2.13.4/jackson-databind-2.13.4.jar:/home/renan/.m2/repository/com/fasterxml/jackson/core/jackson-annotations/2.13.4/jackson-annotations-2.13.4.jar:/home/renan/.m2/repository/com/fasterxml/jackson/core/jackson-core/2.13.4/jackson-core-2.13.4.jar:/home/renan/.m2/repository/com/fasterxml/jackson/datatype/jackson-datatype-jdk8/2.13.4/jackson-datatype-jdk8-2.13.4.jar:/home/renan/.m2/repository/com/fasterxml/jackson/datatype/jackson-datatype-jsr310/2.13.4/jackson-datatype-jsr310-2.13.4.jar:/home/renan/.m2/repository/com/fasterxml/jackson/module/jackson-module-parameter-names/2.13.4/jackson-module-parameter-names-2.13.4.jar:/home/renan/.m2/repository/org/springframework/boot/spring-boot-starter-tomcat/2.7.4/spring-boot-starter-tomcat-2.7.4.jar:/home/renan/.m2/repository/org/apache/tomcat/embed/tomcat-embed-core/9.0.65/tomcat-embed-core-9.0.65.jar:/home/renan/.m2/repository/org/apache/tomcat/embed/tomcat-embed-el/9.0.65/tomcat-embed-el-9.0.65.jar:/home/renan/.m2/repository/org/apache/tomcat/embed/tomcat-embed-websocket/9.0.65/tomcat-embed-websocket-9.0.65.jar:/home/renan/.m2/repository/org/springframework/spring-web/5.3.23/spring-web-5.3.23.jar:/home/renan/.m2/repository/org/springframework/spring-beans/5.3.23/spring-beans-5.3.23.jar:/home/renan/.m2/repository/org/springframework/spring-webmvc/5.3.23/spring-webmvc-5.3.23.jar:/home/renan/.m2/repository/org/springframework/spring-aop/5.3.23/spring-aop-5.3.23.jar:/home/renan/.m2/repository/org/springframework/spring-context/5.3.23/spring-context-5.3.23.jar:/home/renan/.m2/repository/org/springframework/spring-expression/5.3.23/spring-expression-5.3.23.jar:/home/renan/.m2/repository/org/jsoup/jsoup/1.9.1/jsoup-1.9.1.jar:/home/renan/.m2/repository/org/springframework/boot/spring-boot-starter-test/2.7.4/spring-boot-starter-test-2.7.4.jar:/home/renan/.m2/repository/org/springframework/boot/spring-boot-test/2.7.4/spring-boot-test-2.7.4.jar:/home/renan/.m2/repository/org/springframework/boot/spring-boot-test-autoconfigure/2.7.4/spring-boot-test-autoconfigure-2.7.4.jar:/home/renan/.m2/repository/com/jayway/jsonpath/json-path/2.7.0/json-path-2.7.0.jar:/home/renan/.m2/repository/net/minidev/json-smart/2.4.8/json-smart-2.4.8.jar:/home/renan/.m2/repository/net/minidev/accessors-smart/2.4.8/accessors-smart-2.4.8.jar:/home/renan/.m2/repository/org/ow2/asm/asm/9.1/asm-9.1.jar:/home/renan/.m2/repository/org/slf4j/slf4j-api/1.7.36/slf4j-api-1.7.36.jar:/home/renan/.m2/repository/jakarta/xml/bind/jakarta.xml.bind-api/2.3.3/jakarta.xml.bind-api-2.3.3.jar:/home/renan/.m2/repository/jakarta/activation/jakarta.activation-api/1.2.2/jakarta.activation-api-1.2.2.jar:/home/renan/.m2/repository/org/assertj/assertj-core/3.22.0/assertj-core-3.22.0.jar:/home/renan/.m2/repository/org/hamcrest/hamcrest/2.2/hamcrest-2.2.jar:/home/renan/.m2/repository/org/junit/jupiter/junit-jupiter/5.8.2/junit-jupiter-5.8.2.jar:/home/renan/.m2/repository/org/junit/jupiter/junit-jupiter-api/5.8.2/junit-jupiter-api-5.8.2.jar:/home/renan/.m2/repository/org/opentest4j/opentest4j/1.2.0/opentest4j-1.2.0.jar:/home/renan/.m2/repository/org/junit/platform/junit-platform-commons/1.8.2/junit-platform-commons-1.8.2.jar:/home/renan/.m2/repository/org/apiguardian/apiguardian-api/1.1.2/apiguardian-api-1.1.2.jar:/home/renan/.m2/repository/org/junit/jupiter/junit-jupiter-params/5.8.2/junit-jupiter-params-5.8.2.jar:/home/renan/.m2/repository/org/junit/jupiter/junit-jupiter-engine/5.8.2/junit-jupiter-engine-5.8.2.jar:/home/renan/.m2/repository/org/junit/platform/junit-platform-engine/1.8.2/junit-platform-engine-1.8.2.jar:/home/renan/.m2/repository/org/mockito/mockito-core/4.5.1/mockito-core-4.5.1.jar:/home/renan/.m2/repository/net/bytebuddy/byte-buddy/1.12.17/byte-buddy-1.12.17.jar:/home/renan/.m2/repository/net/bytebuddy/byte-buddy-agent/1.12.17/byte-buddy-agent-1.12.17.jar:/home/renan/.m2/repository/org/objenesis/objenesis/3.2/objenesis-3.2.jar:/home/renan/.m2/repository/org/mockito/mockito-junit-jupiter/4.5.1/mockito-junit-jupiter-4.5.1.jar:/home/renan/.m2/repository/org/skyscreamer/jsonassert/1.5.1/jsonassert-1.5.1.jar:/home/renan/.m2/repository/com/vaadin/external/google/android-json/0.0.20131108.vaadin1/android-json-0.0.20131108.vaadin1.jar:/home/renan/.m2/repository/org/springframework/spring-core/5.3.23/spring-core-5.3.23.jar:/home/renan/.m2/repository/org/springframework/spring-jcl/5.3.23/spring-jcl-5.3.23.jar:/home/renan/.m2/repository/org/springframework/spring-test/5.3.23/spring-test-5.3.23.jar:/home/renan/.m2/repository/org/xmlunit/xmlunit-core/2.9.0/xmlunit-core-2.9.0.jar:"/>
    <property name="sun.cpu.endian" value="little"/>
    <property name="user.home" value="/home/renan"/>
    <property name="user.language" value="en"/>
    <property name="java.specification.vendor" value="Oracle Corporation"/>
    <property name="java.version.date" value="2022-07-19"/>
    <property name="java.home" value="/usr/lib/jvm/zulu-11-i386"/>
    <property name="file.separator" value="/"/>
    <property name="basedir" value="/home/renan/Desktop/programacao/java/web_scraper"/>
    <property name="line.separator" value="&#10;"/>
    <property name="java.specification.name" value="Java Platform API Specification"/>
    <property name="java.vm.specification.vendor" value="Oracle Corporation"/>
    <property name="jdk.vendor.version" value="Zulu11.58+25-CA"/>
    <property name="java.awt.graphicsenv" value="sun.awt.X11GraphicsEnvironment"/>
    <property name="surefire.real.class.path" value="/home/renan/Desktop/programacao/java/web_scraper/target/surefire/surefirebooter15830535804391928402.jar"/>
    <property name="sun.management.compiler" value="HotSpot Tiered Compilers"/>
    <property name="java.runtime.version" value="11.0.16.1+1-LTS"/>
    <property name="user.name" value="renan"/>
    <property name="path.separator" value=":"/>
    <property name="os.version" value="5.15.0-50-generic"/>
    <property name="java.runtime.name" value="OpenJDK Runtime Environment"/>
    <property name="file.encoding" value="UTF-8"/>
    <property name="java.vm.name" value="OpenJDK Server VM"/>
    <property name="java.vendor.version" value="Zulu11.58+25-CA"/>
    <property name="localRepository" value="/home/renan/.m2/repository"/>
    <property name="java.vendor.url.bug" value="http://www.azul.com/support/"/>
    <property name="java.io.tmpdir" value="/tmp"/>
    <property name="idea.version" value="2022.2.3"/>
    <property name="java.version" value="11.0.16.1"/>
    <property name="user.dir" value="/home/renan/Desktop/programacao/java/web_scraper"/>
    <property name="os.arch" value="i386"/>
    <property name="java.vm.specification.name" value="Java Virtual Machine Specification"/>
    <property name="java.awt.printerjob" value="sun.print.PSPrinterJob"/>
    <property name="user.language.format" value="pt"/>
    <property name="sun.os.patch.level" value="unknown"/>
    <property name="java.library.path" value="/usr/java/packages/lib:/lib:/usr/lib"/>
    <property name="java.vm.info" value="mixed mode"/>
    <property name="java.vendor" value="Azul Systems, Inc."/>
    <property name="java.vm.version" value="11.0.16.1+1-LTS"/>
    <property name="sun.io.unicode.encoding" value="UnicodeLittle"/>
    <property name="java.class.version" value="55.0"/>
  </properties>
  <testcase name="contextLoads" classname="com.example.web_scraper.WebScraperApplicationTests" time="0.242"/>
</testsuite>